  Parsing WSDL and Schema definitions
  soapcpp2: using both options -C and -S omits client/server code
  
  **  The gSOAP code generator for C and C++, soapcpp2 release 2.8.69
  **  Copyright (C) 2000-2018, Robert van Engelen, Genivia Inc.
  **  All Rights Reserved. This product is provided "as is", without any warranty.
  **  The soapcpp2 tool and its generated software are released under the GPL.
  **  ----------------------------------------------------------------------------
  **  A commercial use license is available from Genivia Inc., contact@genivia.com
  **  ----------------------------------------------------------------------------
  
  Saving wsdlStub.h annotated copy of the source interface file
  Saving wsdlH.h serialization functions to #include in projects
  Saving xmime.nsmap namespace mapping table
  Saving wsdlC.cpp serialization functions
  
  Compilation successful 
  
  httpda.c
..\..\..\plugin\httpda.c(743): warning C4267: 'función': conversión de 'size_t' a 'int'; posible pérdida de datos
..\..\..\plugin\httpda.c(1306): warning C4267: 'función': conversión de 'size_t' a 'int'; posible pérdida de datos
..\..\..\plugin\httpda.c(1510): warning C4267: 'función': conversión de 'size_t' a 'int'; posible pérdida de datos
..\..\..\plugin\httpda.c(1546): warning C4267: 'función': conversión de 'size_t' a 'int'; posible pérdida de datos
..\..\..\plugin\httpda.c(1575): warning C4267: 'función': conversión de 'size_t' a 'int'; posible pérdida de datos
  smdevp.c
  threads.c
  bpel.cpp
  mime.cpp
  schema.cpp
  service.cpp
  soap.cpp
  stdsoap2.cpp
  types.cpp
  wadl.cpp
  wsdl.cpp
  wsdl2h.cpp
  wsdlC.cpp
  wsp.cpp
  Generando código
  All 12854 functions were compiled because no usable IPDB/IOBJ from previous compilation was found.
  Generación de código finalizada
  wsdl2h.vcxproj -> C:\gsoap-2.8\gsoap\VisualStudio2005\wsdl2h\x64\Release\wsdl2h.exe
  wsdl2h.vcxproj -> C:\gsoap-2.8\gsoap\VisualStudio2005\wsdl2h\x64\Release\wsdl2h.pdb (Full PDB)
