c:\users\lorda\documents\visual studio 2015\projects\serviceproject\serviceproject\x64\release\vc140.pdb
c:\users\lorda\documents\visual studio 2015\projects\serviceproject\serviceproject\x64\release\main.obj
c:\users\lorda\documents\visual studio 2015\projects\serviceproject\serviceproject\x64\release\soapsunatcall.obj
c:\users\lorda\documents\visual studio 2015\projects\serviceproject\serviceproject\x64\release\stdsoap2.obj
c:\users\lorda\documents\visual studio 2015\projects\serviceproject\serviceproject\x64\release\soapclient.obj
c:\users\lorda\documents\visual studio 2015\projects\serviceproject\serviceproject\x64\release\soapc.obj
c:\users\lorda\documents\visual studio 2015\projects\serviceproject\serviceproject\x64\release\applink.obj
c:\users\lorda\documents\visual studio 2015\projects\serviceproject\serviceproject\x64\release\wsseapi.obj
c:\users\lorda\documents\visual studio 2015\projects\serviceproject\serviceproject\x64\release\threads.obj
c:\users\lorda\documents\visual studio 2015\projects\serviceproject\serviceproject\x64\release\smdevp.obj
c:\users\lorda\documents\visual studio 2015\projects\serviceproject\serviceproject\x64\release\mecevp.obj
c:\users\lorda\documents\visual studio 2015\projects\serviceproject\serviceproject\x64\release\dom.obj
c:\users\lorda\documents\visual studio 2015\projects\serviceproject\x64\release\serviceproject.lib
c:\users\lorda\documents\visual studio 2015\projects\serviceproject\x64\release\serviceproject.exp
c:\users\lorda\documents\visual studio 2015\projects\serviceproject\serviceproject\x64\release\serviceproject.pdb
c:\users\lorda\documents\visual studio 2015\projects\serviceproject\x64\release\serviceproject.pdb
c:\users\lorda\documents\visual studio 2015\projects\serviceproject\x64\release\serviceproject.dll
c:\users\lorda\documents\visual studio 2015\projects\serviceproject\serviceproject\x64\release\serviceproject.tlog\cl.command.1.tlog
c:\users\lorda\documents\visual studio 2015\projects\serviceproject\serviceproject\x64\release\serviceproject.tlog\cl.read.1.tlog
c:\users\lorda\documents\visual studio 2015\projects\serviceproject\serviceproject\x64\release\serviceproject.tlog\cl.write.1.tlog
c:\users\lorda\documents\visual studio 2015\projects\serviceproject\serviceproject\x64\release\serviceproject.tlog\lib-link.read.1.tlog
c:\users\lorda\documents\visual studio 2015\projects\serviceproject\serviceproject\x64\release\serviceproject.tlog\lib-link.write.1.tlog
c:\users\lorda\documents\visual studio 2015\projects\serviceproject\serviceproject\x64\release\serviceproject.tlog\lib.command.1.tlog
c:\users\lorda\documents\visual studio 2015\projects\serviceproject\serviceproject\x64\release\serviceproject.tlog\link.command.1.tlog
c:\users\lorda\documents\visual studio 2015\projects\serviceproject\serviceproject\x64\release\serviceproject.tlog\link.read.1.tlog
c:\users\lorda\documents\visual studio 2015\projects\serviceproject\serviceproject\x64\release\serviceproject.tlog\link.write.1.tlog
c:\users\lorda\documents\visual studio 2015\projects\serviceproject\serviceproject\x64\release\serviceproject.tlog\serviceproject.write.1u.tlog
